<?xml version="1.0" encoding="UTF-8"?>
<testsuite xmlns:xsi="http://www.w3.org/2001/XMLSchema-instance" xsi:noNamespaceSchemaLocation="https://maven.apache.org/surefire/maven-surefire-plugin/xsd/surefire-test-report-3.0.xsd" version="3.0" name="com.heypickler.service.BannerServiceTest" time="0.218" tests="8" errors="0" skipped="0" failures="1">
  <properties>
[...]
</properties>
  <testcase name="updateBanner_WithPartialFields_ShouldUpdateOnlyProvidedFields" classname="com.heypickler.service.BannerServiceTest" time="0.161"/>
  <testcase name="createBanner_WithDefaults_ShouldSetDefaultValues" classname="com.heypickler.service.BannerServiceTest" time="0.007"/>
  <testcase name="deleteBanner_WithNonExistingId_ShouldThrowException" classname="com.heypickler.service.BannerServiceTest" time="0.006"/>
  <testcase name="deleteBanner_WithExistingId_ShouldDeleteBanner" classname="com.heypickler.service.BannerServiceTest" time="0.002"/>
  <testcase name="adminListAll_ShouldReturnAllBannersOrderedBySortOrder" classname="com.heypickler.service.BannerServiceTest" time="0.017"/>
  <testcase name="createBanner_WithAllFields_ShouldInsertBanner" classname="com.heypickler.service.BannerServiceTest" time="0.003"/>
  <testcase name="listEnabledBanners_ShouldReturnOnlyEnabledBanners" classname="com.heypickler.service.BannerServiceTest" time="0.01">
    <failure message="expected: &lt;2&gt; but was: &lt;3&gt;" type="org.opentest4j.AssertionFailedError"><![CDATA[org.opentest4j.AssertionFailedError: expected: <2> but was: <3>
	at org.junit.jupiter.api.AssertionFailureBuilder.build(AssertionFailureBuilder.java:151)
	at org.junit.jupiter.api.AssertionFailureBuilder.buildAndThrow(AssertionFailureBuilder.java:132)
	at org.junit.jupiter.api.AssertEquals.failNotEqual(AssertEquals.java:197)
	at org.junit.jupiter.api.AssertEquals.assertEquals(AssertEquals.java:150)
	at org.junit.jupiter.api.AssertEquals.assertEquals(AssertEquals.java:145)
	at org.junit.jupiter.api.Assertions.assertEquals(Assertions.java:531)
	at com.heypickler.service.BannerServiceTest.listEnabledBanners_ShouldReturnOnlyEnabledBanners(BannerServiceTest.java:73)
	at java.base/java.lang.reflect.Method.invoke(Method.java:565)
	at java.base/java.util.ArrayList.forEach(ArrayList.java:1604)
	at java.base/java.util.ArrayList.forEach(ArrayList.java:1604)
]]></failure>
  </testcase>
  <testcase name="updateBanner_WithAllFields_ShouldUpdateBanner" classname="com.heypickler.service.BannerServiceTest" time="0.002"/>
</testsuite>